[INFO] Found ovpn file: moldova.ovpn
[INFO] Found ovpn file: bahamas.ovpn
[INFO] Found ovpn file: us_houston.ovpn
[INFO] Found ovpn file: greece.ovpn
[INFO] Found ovpn file: au_melbourne.ovpn
[INFO] Found ovpn file: bulgaria.ovpn
[INFO] Found ovpn file: us_east.ovpn
[INFO] Found ovpn file: us_las_vegas.ovpn
[INFO] Found ovpn file: estonia.ovpn
[INFO] Found ovpn file: denmark.ovpn
[INFO] Found ovpn file: macedonia.ovpn
[INFO] Found ovpn file: egypt.ovpn
[INFO] Found ovpn file: sri_lanka.ovpn
[INFO] Found ovpn file: spain.ovpn
[INFO] Found ovpn file: nigeria.ovpn
[INFO] Found ovpn file: us_silicon_valley.ovpn
[INFO] Found ovpn file: us_washington_dc.ovpn
[INFO] Found ovpn file: macao.ovpn
[INFO] Found ovpn file: austria.ovpn
[INFO] Found ovpn file: portugal.ovpn
[INFO] Found ovpn file: latvia.ovpn
[INFO] Found ovpn file: ireland.ovpn
[INFO] Found ovpn file: slovakia.ovpn
[INFO] Found ovpn file: serbia.ovpn
[INFO] Found ovpn file: ukraine.ovpn
[INFO] Found ovpn file: kazakhstan.ovpn
[INFO] Found ovpn file: vietnam.ovpn
[INFO] Found ovpn file: cyprus.ovpn
[INFO] Found ovpn file: israel.ovpn
[INFO] Found ovpn file: ca_vancouver.ovpn
[INFO] Found ovpn file: us_atlanta.ovpn
[INFO] Found ovpn file: france.ovpn
[INFO] Found ovpn file: au_perth.ovpn
[INFO] Found ovpn file: hong_kong.ovpn
[INFO] Found ovpn file: sweden.ovpn
[INFO] Found ovpn file: us_denver.ovpn
[INFO] Found ovpn file: new_zealand.ovpn
[INFO] Found ovpn file: au_sydney.ovpn
[INFO] Found ovpn file: hungary.ovpn
[INFO] Found ovpn file: saudi_arabia.ovpn
[INFO] Found ovpn file: venezuela.ovpn
[INFO] Found ovpn file: uk_london.ovpn
[INFO] Found ovpn file: lithuania.ovpn
[INFO] Found ovpn file: morocco.ovpn
[INFO] Found ovpn file: belgium.ovpn
[INFO] Found ovpn file: ca_toronto.ovpn
[INFO] Found ovpn file: czech_republic.ovpn
[INFO] Found ovpn file: us_florida.ovpn
[INFO] Found ovpn file: switzerland.ovpn
[INFO] Found ovpn file: singapore.ovpn
[INFO] Found ovpn file: mexico.ovpn
[INFO] Found ovpn file: brazil.ovpn
[INFO] Found ovpn file: turkey.ovpn
[INFO] Found ovpn file: qatar.ovpn
[INFO] Found ovpn file: italy.ovpn
[INFO] Found ovpn file: india.ovpn
[INFO] Found ovpn file: algeria.ovpn
[INFO] Found ovpn file: mongolia.ovpn
[INFO] Found ovpn file: montenegro.ovpn
[INFO] Found ovpn file: iceland.ovpn
[INFO] Found ovpn file: netherlands.ovpn
[INFO] Found ovpn file: georgia.ovpn
[INFO] Found ovpn file: ca_ontario.ovpn
[INFO] Found ovpn file: de_berlin.ovpn
[INFO] Found ovpn file: norway.ovpn
[INFO] Found ovpn file: monaco.ovpn
[INFO] Found ovpn file: finland.ovpn
[INFO] Found ovpn file: greenland.ovpn
[INFO] Found ovpn file: panama.ovpn
[INFO] Found ovpn file: japan.ovpn
[INFO] Found ovpn file: taiwan.ovpn
[INFO] Found ovpn file: malta.ovpn
[INFO] Found ovpn file: de_frankfurt.ovpn
[INFO] Found ovpn file: united_arab_emirates.ovpn
[INFO] Found ovpn file: uk_manchester.ovpn
[INFO] Found ovpn file: us_chicago.ovpn
[INFO] Found ovpn file: china.ovpn
[INFO] Found ovpn file: us_seattle.ovpn
[INFO] Found ovpn file: isle_of_man.ovpn
[INFO] Found ovpn file: us_new_york.ovpn
[INFO] Found ovpn file: luxembourg.ovpn
[INFO] Found ovpn file: argentina.ovpn
[INFO] Found ovpn file: us_california.ovpn
[INFO] Found ovpn file: armenia.ovpn
[INFO] Found ovpn file: andorra.ovpn
[INFO] Found ovpn file: bangladesh.ovpn
[INFO] Found ovpn file: albania.ovpn
[INFO] Found ovpn file: poland.ovpn
[INFO] Found ovpn file: south_africa.ovpn
[INFO] Found ovpn file: philippines.ovpn
[INFO] Found ovpn file: romania.ovpn
[INFO] Found ovpn file: us_texas.ovpn
[INFO] Found ovpn file: cambodia.ovpn
[INFO] Found ovpn file: uk_southampton.ovpn
[INFO] Found ovpn file: ca_montreal.ovpn
[INFO] Found ovpn file: us_west.ovpn
[INFO] Found ovpn file: liechtenstein.ovpn
[INFO] Connecting to ./openvpn/portugal.ovpn...
[INFO] Found ovpn file: moldova.ovpn
[INFO] Found ovpn file: bahamas.ovpn
[INFO] Found ovpn file: us_houston.ovpn
[INFO] Found ovpn file: greece.ovpn
[INFO] Found ovpn file: au_melbourne.ovpn
[INFO] Found ovpn file: bulgaria.ovpn
[INFO] Found ovpn file: us_east.ovpn
[INFO] Found ovpn file: us_las_vegas.ovpn
[INFO] Found ovpn file: estonia.ovpn
[INFO] Found ovpn file: denmark.ovpn
[INFO] Found ovpn file: macedonia.ovpn
[INFO] Found ovpn file: egypt.ovpn
[INFO] Found ovpn file: sri_lanka.ovpn
[INFO] Found ovpn file: spain.ovpn
[INFO] Found ovpn file: nigeria.ovpn
[INFO] Found ovpn file: us_silicon_valley.ovpn
[INFO] Found ovpn file: us_washington_dc.ovpn
[INFO] Found ovpn file: macao.ovpn
[INFO] Found ovpn file: austria.ovpn
[INFO] Found ovpn file: portugal.ovpn
[INFO] Found ovpn file: latvia.ovpn
[INFO] Found ovpn file: ireland.ovpn
[INFO] Found ovpn file: slovakia.ovpn
[INFO] Found ovpn file: serbia.ovpn
[INFO] Found ovpn file: ukraine.ovpn
[INFO] Found ovpn file: kazakhstan.ovpn
[INFO] Found ovpn file: vietnam.ovpn
[INFO] Found ovpn file: cyprus.ovpn
[INFO] Found ovpn file: israel.ovpn
[INFO] Found ovpn file: ca_vancouver.ovpn
[INFO] Found ovpn file: us_atlanta.ovpn
[INFO] Found ovpn file: france.ovpn
[INFO] Found ovpn file: au_perth.ovpn
[INFO] Found ovpn file: hong_kong.ovpn
[INFO] Found ovpn file: sweden.ovpn
[INFO] Found ovpn file: us_denver.ovpn
[INFO] Found ovpn file: new_zealand.ovpn
[INFO] Found ovpn file: au_sydney.ovpn
[INFO] Found ovpn file: hungary.ovpn
[INFO] Found ovpn file: saudi_arabia.ovpn
[INFO] Found ovpn file: venezuela.ovpn
[INFO] Found ovpn file: uk_london.ovpn
[INFO] Found ovpn file: lithuania.ovpn
[INFO] Found ovpn file: morocco.ovpn
[INFO] Found ovpn file: belgium.ovpn
[INFO] Found ovpn file: ca_toronto.ovpn
[INFO] Found ovpn file: czech_republic.ovpn
[INFO] Found ovpn file: us_florida.ovpn
[INFO] Found ovpn file: switzerland.ovpn
[INFO] Found ovpn file: singapore.ovpn
[INFO] Found ovpn file: mexico.ovpn
[INFO] Found ovpn file: brazil.ovpn
[INFO] Found ovpn file: turkey.ovpn
[INFO] Found ovpn file: qatar.ovpn
[INFO] Found ovpn file: italy.ovpn
[INFO] Found ovpn file: india.ovpn
[INFO] Found ovpn file: algeria.ovpn
[INFO] Found ovpn file: mongolia.ovpn
[INFO] Found ovpn file: montenegro.ovpn
[INFO] Found ovpn file: iceland.ovpn
[INFO] Found ovpn file: netherlands.ovpn
[INFO] Found ovpn file: georgia.ovpn
[INFO] Found ovpn file: ca_ontario.ovpn
[INFO] Found ovpn file: de_berlin.ovpn
[INFO] Found ovpn file: norway.ovpn
[INFO] Found ovpn file: monaco.ovpn
[INFO] Found ovpn file: finland.ovpn
[INFO] Found ovpn file: greenland.ovpn
[INFO] Found ovpn file: panama.ovpn
[INFO] Found ovpn file: japan.ovpn
[INFO] Found ovpn file: taiwan.ovpn
[INFO] Found ovpn file: malta.ovpn
[INFO] Found ovpn file: de_frankfurt.ovpn
[INFO] Found ovpn file: united_arab_emirates.ovpn
[INFO] Found ovpn file: uk_manchester.ovpn
[INFO] Found ovpn file: us_chicago.ovpn
[INFO] Found ovpn file: china.ovpn
[INFO] Found ovpn file: us_seattle.ovpn
[INFO] Found ovpn file: isle_of_man.ovpn
[INFO] Found ovpn file: us_new_york.ovpn
[INFO] Found ovpn file: luxembourg.ovpn
[INFO] Found ovpn file: argentina.ovpn
[INFO] Found ovpn file: us_california.ovpn
[INFO] Found ovpn file: armenia.ovpn
[INFO] Found ovpn file: andorra.ovpn
[INFO] Found ovpn file: bangladesh.ovpn
[INFO] Found ovpn file: albania.ovpn
[INFO] Found ovpn file: poland.ovpn
[INFO] Found ovpn file: south_africa.ovpn
[INFO] Found ovpn file: philippines.ovpn
[INFO] Found ovpn file: romania.ovpn
[INFO] Found ovpn file: us_texas.ovpn
[INFO] Found ovpn file: cambodia.ovpn
[INFO] Found ovpn file: uk_southampton.ovpn
[INFO] Found ovpn file: ca_montreal.ovpn
[INFO] Found ovpn file: us_west.ovpn
[INFO] Found ovpn file: liechtenstein.ovpn
[INFO] Connecting to ./openvpn/hungary.ovpn...
